<?xml version="1.0" encoding="UTF-8"?>
<testsuite xmlns:xsi="http://www.w3.org/2001/XMLSchema-instance" xsi:noNamespaceSchemaLocation="https://maven.apache.org/surefire/maven-surefire-plugin/xsd/surefire-test-report-3.0.xsd" version="3.0" name="TestRunner.TestRunner" time="56.25" tests="3" errors="0" skipped="0" failures="0">
  <properties>
[...]
</properties>
  <testcase name="runScenario[&quot;UpcomingBikes&quot;, &quot;91Wheels&quot;](1)" classname="TestRunner.TestRunner" time="24.488">
    <system-out><![CDATA[
Scenario: UpcomingBikes                                                             &amp#27;[90m# Features/hackathon.feature:2&amp#27;[0m
No notification access pop up appeared
  &amp#27;[32mGiven &amp#27;[0m&amp#27;[32mapplication is opened (91Wheels)&amp#27;[0m                                            &amp#27;[90m# StepsDefinition.UpcomingBikes.openApplication()&amp#27;[0m

    Embedding UpcomingBikes [image/png 978025 bytes]

  &amp#27;[32mAnd &amp#27;[0m&amp#27;[32mnavigated to upcoming bikes page&amp#27;[0m                                              &amp#27;[90m# StepsDefinition.UpcomingBikes.naviagteUpcomingBikes()&amp#27;[0m

    Embedding UpcomingBikes [image/png 37440 bytes]

  &amp#27;[32mWhen &amp#27;[0m&amp#27;[32mHonda is selected from the bike brands&amp#27;[0m                                       &amp#27;[90m# StepsDefinition.UpcomingBikes.selectBrand()&amp#27;[0m

    Embedding UpcomingBikes [image/png 287989 bytes]

  &amp#27;[32mAnd &amp#27;[0m&amp#27;[32mLoad more is clicked&amp#27;[0m                                                          &amp#27;[90m# StepsDefinition.UpcomingBikes.clickLoadMore()&amp#27;[0m

    Embedding UpcomingBikes [image/png 445640 bytes]

Honda CBR300R
Price: ₹ 2.00 - ₹ 2.30 Lakh*
Launch Date: August 2024


Honda CRF190L
Price: ₹ 1.98 Lakh*
Launch Date: June 2024


Honda CBR150R
Price: ₹ 1.70 Lakh*
Launch Date: July 2024


Honda NT1100
Price: ₹ 1.70 Lakh*
Launch Date: July 2024


Honda Rebel 300
Price: ₹ 2.30 Lakh*
Launch Date: July 2024


Honda NX200
Price: ₹ 1.20 Lakh*
Launch Date: August 2024


Honda CB350 Cafe Racer
Price: ₹ 2.20 - ₹ 2.30 Lakh*
Launch Date: July 2024


Honda CRF300L
Price: ₹ 3.00 Lakh*
Launch Date: July 2024


Honda Hornet
Price: ₹ 2.50 Lakh*
Launch Date: July 2024


Honda XRE 300
Price: ₹ 3.00 Lakh*
Launch Date: July 2024


Honda CRF300 Rally
Price: ₹ 3.50 Lakh*
Launch Date: August 2024


  &amp#27;[32mThen &amp#27;[0m&amp#27;[32mprint bike name, expected price and launch date of bikes priced below 4Lakhs&amp#27;[0m &amp#27;[90m# StepsDefinition.UpcomingBikes.getBikesDetails()&amp#27;[0m

    Embedding UpcomingBikes [image/png 445693 bytes]

]]></system-out>
  </testcase>
  <testcase name="runScenario[&quot;UsedCarsChennai&quot;, &quot;91Wheels&quot;](2)" classname="TestRunner.TestRunner" time="14.878">
    <system-out><![CDATA[
Scenario: UsedCarsChennai                    &amp#27;[90m# Features/hackathon.feature:9&amp#27;[0m
No notification access pop up appeared
  &amp#27;[32mGiven &amp#27;[0m&amp#27;[32mapplication is opened (91Wheels)&amp#27;[0m     &amp#27;[90m# StepsDefinition.UpcomingBikes.openApplication()&amp#27;[0m

    Embedding UsedCarsChennai [image/png 1001043 bytes]

  &amp#27;[32mAnd &amp#27;[0m&amp#27;[32mnavigated to used Cars in chennai page&amp#27;[0m &amp#27;[90m# StepsDefinition.PopularUsedCars.naviagteUsedCarsPage()&amp#27;[0m

    Embedding UsedCarsChennai [image/png 37409 bytes]

  &amp#27;[32mWhen &amp#27;[0m&amp#27;[32mClicked on read more button&amp#27;[0m           &amp#27;[90m# StepsDefinition.PopularUsedCars.readMore()&amp#27;[0m

    Embedding UsedCarsChennai [image/png 166005 bytes]

1.Honda Amaze
Rs. 3.97 Lakh - 9.77 Lakh


2.Maruti Alto K10
Rs. 2.19 Lakh - 3.59 Lakh


3.Tata NEXON
Rs. 5.85 Lakh - 10.96 Lakh


4.Renault TRIBER
Rs. 5.62 Lakh - 6.91 Lakh


5.KIA SONET
Rs. 9.29 Lakh - 10.50 Lakh


  &amp#27;[32mThen &amp#27;[0m&amp#27;[32mprint the popular cars details&amp#27;[0m        &amp#27;[90m# StepsDefinition.PopularUsedCars.printPopularCarsChennai()&amp#27;[0m

    Embedding UsedCarsChennai [image/png 166005 bytes]

]]></system-out>
  </testcase>
  <testcase name="runScenario[&quot;GoogleLogin&quot;, &quot;91Wheels&quot;](3)" classname="TestRunner.TestRunner" time="15.523">
    <system-out><![CDATA[
Scenario: GoogleLogin                     &amp#27;[90m# Features/hackathon.feature:15&amp#27;[0m
No notification access pop up appeared
  &amp#27;[32mGiven &amp#27;[0m&amp#27;[32mapplication is opened (91Wheels)&amp#27;[0m  &amp#27;[90m# StepsDefinition.UpcomingBikes.openApplication()&amp#27;[0m

    Embedding GoogleLogin [image/png 1001043 bytes]

  &amp#27;[32mAnd &amp#27;[0m&amp#27;[32mnavigated login Window&amp#27;[0m              &amp#27;[90m# StepsDefinition.GoogleLogin.navigateLoginWindow()&amp#27;[0m

    Embedding GoogleLogin [image/png 488598 bytes]

  &amp#27;[32mWhen &amp#27;[0m&amp#27;[32msign in with google button clicked&amp#27;[0m &amp#27;[90m# StepsDefinition.GoogleLogin.signInWithGoogle()&amp#27;[0m

    Embedding GoogleLogin [image/png 495963 bytes]

  &amp#27;[32mAnd &amp#27;[0m&amp#27;[32mentered email and clicked next&amp#27;[0m      &amp#27;[90m# StepsDefinition.GoogleLogin.putMail()&amp#27;[0m

    Embedding GoogleLogin [image/png 44417 bytes]

Couldn’t find your Google Account
  &amp#27;[32mThen &amp#27;[0m&amp#27;[32mprint the error message&amp#27;[0m            &amp#27;[90m# StepsDefinition.GoogleLogin.printErrorMsg()&amp#27;[0m

    Embedding GoogleLogin [image/png 52660 bytes]

]]></system-out>
  </testcase>
</testsuite>